<?xml version="1.0" encoding="UTF-8" ?>
<testsuite errors="1" failures="0" hostname="Hosam" name="Functions.ConfigTest" skipped="0" tests="1" time="0.092" timestamp="2022-06-14T18:33:45">
  <properties>
[...]
</properties>
  <testcase classname="Functions.ConfigTest" name="initializationError" time="0.005">
    <error message="Invalid test class &apos;Functions.ConfigTest&apos;:&#xa;  1. No runnable methods" type="org.junit.runners.model.InvalidTestClassError">org.junit.runners.model.InvalidTestClassError: Invalid test class &apos;Functions.ConfigTest&apos;:
  1. No runnable methods
	at java.base/jdk.internal.reflect.NativeConstructorAccessorImpl.newInstance0(Native Method)
	at java.base/jdk.internal.reflect.NativeConstructorAccessorImpl.newInstance(NativeConstructorAccessorImpl.java:62)
	at java.base/jdk.internal.reflect.DelegatingConstructorAccessorImpl.newInstance(DelegatingConstructorAccessorImpl.java:45)
	at java.base/java.lang.reflect.Constructor.newInstance(Constructor.java:490)
</error>
  </testcase>
  <system-out><![CDATA[]]></system-out>
  <system-err><![CDATA[]]></system-err>
</testsuite>
